2021-07-10 17:58:02 WARN  1974Warn Message!
2021-07-10 17:58:02 ERROR 1974Error Message!
2021-07-10 17:58:02 INFO  1975Info Message!
2021-07-10 17:58:02 WARN  1975Warn Message!
2021-07-10 17:58:02 ERROR 1975Error Message!
2021-07-10 17:58:02 INFO  1976Info Message!
2021-07-10 17:58:02 WARN  1976Warn Message!
2021-07-10 17:58:02 ERROR 1976Error Message!
2021-07-10 17:58:02 INFO  1977Info Message!
2021-07-10 17:58:02 WARN  1977Warn Message!
2021-07-10 17:58:02 ERROR 1977Error Message!
2021-07-10 17:58:02 INFO  1978Info Message!
2021-07-10 17:58:02 WARN  1978Warn Message!
2021-07-10 17:58:02 ERROR 1978Error Message!
2021-07-10 17:58:02 INFO  1979Info Message!
2021-07-10 17:58:02 WARN  1979Warn Message!
2021-07-10 17:58:02 ERROR 1979Error Message!
2021-07-10 17:58:02 INFO  1980Info Message!
2021-07-10 17:58:02 WARN  1980Warn Message!
2021-07-10 17:58:02 ERROR 1980Error Message!
2021-07-10 17:58:02 INFO  1981Info Message!
2021-07-10 17:58:02 WARN  1981Warn Message!
2021-07-10 17:58:02 ERROR 1981Error Message!
2021-07-10 17:58:02 INFO  1982Info Message!
2021-07-10 17:58:02 WARN  1982Warn Message!
2021-07-10 17:58:02 ERROR 1982Error Message!
2021-07-10 17:58:02 INFO  1983Info Message!
2021-07-10 17:58:02 WARN  1983Warn Message!
2021-07-10 17:58:02 ERROR 1983Error Message!
2021-07-10 17:58:02 INFO  1984Info Message!
2021-07-10 17:58:02 WARN  1984Warn Message!
2021-07-10 17:58:02 ERROR 1984Error Message!
2021-07-10 17:58:02 INFO  1985Info Message!
2021-07-10 17:58:02 WARN  1985Warn Message!
2021-07-10 17:58:02 ERROR 1985Error Message!
2021-07-10 17:58:02 INFO  1986Info Message!
2021-07-10 17:58:02 WARN  1986Warn Message!
2021-07-10 17:58:02 ERROR 1986Error Message!
2021-07-10 17:58:02 INFO  1987Info Message!
2021-07-10 17:58:02 WARN  1987Warn Message!
2021-07-10 17:58:02 ERROR 1987Error Message!
2021-07-10 17:58:02 INFO  1988Info Message!
2021-07-10 17:58:02 WARN  1988Warn Message!
2021-07-10 17:58:02 ERROR 1988Error Message!
2021-07-10 17:58:02 INFO  1989Info Message!
2021-07-10 17:58:02 WARN  1989Warn Message!
2021-07-10 17:58:02 ERROR 1989Error Message!
2021-07-10 17:58:02 INFO  1990Info Message!
2021-07-10 17:58:02 WARN  1990Warn Message!
2021-07-10 17:58:02 ERROR 1990Error Message!
2021-07-10 17:58:02 INFO  1991Info Message!
2021-07-10 17:58:02 WARN  1991Warn Message!
2021-07-10 17:58:02 ERROR 1991Error Message!
2021-07-10 17:58:02 INFO  1992Info Message!
2021-07-10 17:58:02 WARN  1992Warn Message!
2021-07-10 17:58:02 ERROR 1992Error Message!
2021-07-10 17:58:02 INFO  1993Info Message!
2021-07-10 17:58:02 WARN  1993Warn Message!
2021-07-10 17:58:02 ERROR 1993Error Message!
2021-07-10 17:58:02 INFO  1994Info Message!
2021-07-10 17:58:02 WARN  1994Warn Message!
2021-07-10 17:58:02 ERROR 1994Error Message!
2021-07-10 17:58:02 INFO  1995Info Message!
2021-07-10 17:58:02 WARN  1995Warn Message!
2021-07-10 17:58:02 ERROR 1995Error Message!
2021-07-10 17:58:02 INFO  1996Info Message!
2021-07-10 17:58:02 WARN  1996Warn Message!
2021-07-10 17:58:02 ERROR 1996Error Message!
2021-07-10 17:58:02 INFO  1997Info Message!
2021-07-10 17:58:02 WARN  1997Warn Message!
2021-07-10 17:58:02 ERROR 1997Error Message!
2021-07-10 17:58:02 INFO  1998Info Message!
2021-07-10 17:58:02 WARN  1998Warn Message!
2021-07-10 17:58:02 ERROR 1998Error Message!
2021-07-10 17:58:02 INFO  1999Info Message!
2021-07-10 17:58:02 WARN  1999Warn Message!
2021-07-10 17:58:02 ERROR 1999Error Message!
2021-07-10 17:59:13 INFO  Application shutdown requested.
2021-07-10 17:59:36 INFO  Tomcat initialized with port(s): 8080 (http)
2021-07-10 17:59:36 INFO  Initializing ProtocolHandler ["http-nio-8080"]
2021-07-10 17:59:36 INFO  Starting service [Tomcat]
2021-07-10 17:59:36 INFO  Starting Servlet engine: [Apache Tomcat/9.0.48]
2021-07-10 17:59:36 INFO  Initializing Spring embedded WebApplicationContext
2021-07-10 17:59:36 INFO  Root WebApplicationContext: initialization completed in 821 ms
2021-07-10 17:59:36 INFO  Starting ProtocolHandler ["http-nio-8080"]
2021-07-10 17:59:36 INFO  Tomcat started on port(s): 8080 (http) with context path ''
2021-07-10 17:59:40 INFO  Initializing Spring DispatcherServlet 'dispatcherServlet'
2021-07-10 17:59:40 INFO  Initializing Servlet 'dispatcherServlet'
2021-07-10 17:59:40 INFO  Completed initialization in 2 ms
2021-07-10 18:01:39 INFO  Application shutdown requested.
2021-07-10 18:01:47 INFO  Tomcat initialized with port(s): 8080 (http)
2021-07-10 18:01:47 INFO  Initializing ProtocolHandler ["http-nio-8080"]
2021-07-10 18:01:47 INFO  Starting service [Tomcat]
2021-07-10 18:01:47 INFO  Starting Servlet engine: [Apache Tomcat/9.0.48]
2021-07-10 18:01:47 INFO  Initializing Spring embedded WebApplicationContext
2021-07-10 18:01:47 INFO  Root WebApplicationContext: initialization completed in 881 ms
2021-07-10 18:01:47 INFO  Starting ProtocolHandler ["http-nio-8080"]
2021-07-10 18:01:47 INFO  Tomcat started on port(s): 8080 (http) with context path ''
2021-07-10 18:01:51 INFO  Initializing Spring DispatcherServlet 'dispatcherServlet'
2021-07-10 18:01:51 INFO  Initializing Servlet 'dispatcherServlet'
2021-07-10 18:01:51 INFO  Completed initialization in 1 ms
2021-07-10 18:03:07 INFO  Application shutdown requested.
2021-07-10 18:06:10 INFO  Tomcat initialized with port(s): 8080 (http)
2021-07-10 18:06:10 INFO  Initializing ProtocolHandler ["http-nio-8080"]
2021-07-10 18:06:10 INFO  Starting service [Tomcat]
2021-07-10 18:06:10 INFO  Starting Servlet engine: [Apache Tomcat/9.0.48]
2021-07-10 18:06:10 INFO  Initializing Spring embedded WebApplicationContext
2021-07-10 18:06:10 INFO  Root WebApplicationContext: initialization completed in 1009 ms
2021-07-10 18:06:11 INFO  Starting ProtocolHandler ["http-nio-8080"]
2021-07-10 18:06:11 INFO  Tomcat started on port(s): 8080 (http) with context path ''
2021-07-10 18:06:18 INFO  Initializing Spring DispatcherServlet 'dispatcherServlet'
2021-07-10 18:06:18 INFO  Initializing Servlet 'dispatcherServlet'
2021-07-10 18:06:18 INFO  Completed initialization in 1 ms
2021-07-10 18:07:11 INFO  Application shutdown requested.
2021-07-10 18:07:29 INFO  Tomcat initialized with port(s): 8080 (http)
2021-07-10 18:07:29 INFO  Initializing ProtocolHandler ["http-nio-8080"]
2021-07-10 18:07:29 INFO  Starting service [Tomcat]
2021-07-10 18:07:29 INFO  Starting Servlet engine: [Apache Tomcat/9.0.48]
2021-07-10 18:07:29 INFO  Initializing Spring embedded WebApplicationContext
2021-07-10 18:07:29 INFO  Root WebApplicationContext: initialization completed in 918 ms
2021-07-10 18:07:29 INFO  Starting ProtocolHandler ["http-nio-8080"]
2021-07-10 18:07:29 INFO  Tomcat started on port(s): 8080 (http) with context path ''
2021-07-10 18:07:33 INFO  Initializing Spring DispatcherServlet 'dispatcherServlet'
2021-07-10 18:07:33 INFO  Initializing Servlet 'dispatcherServlet'
2021-07-10 18:07:33 INFO  Completed initialization in 2 ms
2021-07-10 18:08:27 INFO  Application shutdown requested.
2021-07-10 18:08:56 INFO  Tomcat initialized with port(s): 8080 (http)
2021-07-10 18:08:56 INFO  Initializing ProtocolHandler ["http-nio-8080"]
2021-07-10 18:08:56 INFO  Starting service [Tomcat]
2021-07-10 18:08:56 INFO  Starting Servlet engine: [Apache Tomcat/9.0.48]
2021-07-10 18:08:56 INFO  Initializing Spring embedded WebApplicationContext
2021-07-10 18:08:56 INFO  Root WebApplicationContext: initialization completed in 1044 ms
2021-07-10 18:08:57 INFO  Starting ProtocolHandler ["http-nio-8080"]
2021-07-10 18:08:57 INFO  Tomcat started on port(s): 8080 (http) with context path ''
2021-07-10 18:09:01 INFO  Initializing Spring DispatcherServlet 'dispatcherServlet'
2021-07-10 18:09:01 INFO  Initializing Servlet 'dispatcherServlet'
2021-07-10 18:09:01 INFO  Completed initialization in 2 ms
2021-07-10 18:09:33 INFO  Application shutdown requested.
